Arguments: 
  C:\Program Files\nodejs\node.exe C:\Users\JEFF\AppData\Roaming\npm\node_modules\yarn\bin\yarn.js add react-modal

PATH: 
  C:\Users\JEFF\anaconda3;C:\Users\JEFF\anaconda3\Library\mingw-w64\bin;C:\Users\JEFF\anaconda3\Library\usr\bin;C:\Users\JEFF\anaconda3\Library\bin;C:\Users\JEFF\anaconda3\Scripts;C:\Users\JEFF\anaconda3\bin;C:\Users\JEFF\anaconda3\condabin;C:\Python310\Scripts;C:\Python310;C:\WINDOWS\system32;C:\WINDOWS;C:\WINDOWS\System32\Wbem;C:\WINDOWS\System32\WindowsPowerShell\v1.0;C:\WINDOWS\System32\OpenSSH;C:\Program Files\NVIDIA Corporation\Nsight Compute 2020.1.2;C:\Program Files (x86)\NVIDIA Corporation\PhysX\Common;C:\Program Files (x86)\Microsoft SQL Server\80\Tools\Binn;C:\WINDOWS\system32;C:\WINDOWS;C:\WINDOWS\System32\Wbem;C:\WINDOWS\System32\WindowsPowerShell\v1.0;C:\WINDOWS\System32\OpenSSH;C:\Program Files\dotnet;C:\Program Files\Microsoft SQL Server\130\Tools\Binn;C:\Program Files\Microsoft SQL Server\Client SDK\ODBC\170\Tools\Binn;C:\Program Files\Git\cmd;C:\ProgramData\chocolatey\bin;C:\Program Files\nodejs;C:\Program Files\MySQL\MySQL Shell 8.0\bin;C:\WINDOWS\system32;C:\WINDOWS;C:\WINDOWS\System32\Wbem;C:\WINDOWS\System32\WindowsPowerShell\v1.0;C:\WINDOWS\System32\OpenSSH;C:\Users\JEFF\AppData\Local\Microsoft\WindowsApps;C:\Python34\Scripts;C:\Users\JEFF\anaconda3;C:\Users\JEFF\AppData\Local\Microsoft\WindowsApps;C:\Users\JEFF\.dotnet\tools;C:\Users\JEFF\anaconda3\Scripts;C:\Users\JEFF\AppData\Local\Programs\Microsoft VS Code\bin;C:\ProgramData\Microsoft\Windows\Start Menu\Programs\platform-tools_r33.0.2-windows;C:\ProgramData\Microsoft\Windows\Start Menu\Programs\Node.js;C:\Program Files\nodejs\node.exe;C:\Users\JEFF;C:\ProgramData\Microsoft\Windows\Start Menu\Programs\Node.js;C:\Program Files\heroku\bin;C:\Users\JEFF\AppData\Roaming\npm

Yarn version: 
  1.22.18

Node version: 
  16.17.0

Platform: 
  win32 x64

Trace: 
  Error: https://registry.yarnpkg.com/rxjs/-/rxjs-6.6.7.tgz: ESOCKETTIMEDOUT
      at ClientRequest.<anonymous> (C:\Users\JEFF\AppData\Roaming\npm\node_modules\yarn\lib\cli.js:141510:19)
      at Object.onceWrapper (node:events:627:28)
      at ClientRequest.emit (node:events:513:28)
      at TLSSocket.emitRequestTimeout (node:_http_client:814:9)
      at Object.onceWrapper (node:events:627:28)
      at TLSSocket.emit (node:events:525:35)
      at TLSSocket.Socket._onTimeout (node:net:526:8)
      at listOnTimeout (node:internal/timers:559:17)
      at processTimers (node:internal/timers:502:7)

npm manifest: 
  {
    "name": "bethanypreparatorychatapp",
    "version": "1.0.1",
    "private": true,
    "main": ".electron/index.js",
    "scripts": {
      "android": "react-native run-android",
      "android:build": "npm run android:build:unix",
      "android:build:unix": "cd android && ./gradlew assembleRelease",
      "android:build:windows": "cd android && gradlew.bat assembleRelease",
      "ios": "cd ios && ls | grep .xcworkspace | xargs open",
      "ios:build": "cd ios && ls | grep .xcworkspace | xargs open",
      "start": "react-native start",
      "web": "cross-env TARGET=web NODE_ENV=development webpack-dev-server --hot --open --config webpack.web.config.js",
      "web:build": "cross-env TARGET=web NODE_ENV=production webpack --config webpack.web.config.js",
      "electron:start": "cross-env NODE_ENV=development gulp development",
      "electron:build": "cross-env NODE_ENV=production gulp build",
      "windows": "cross-env TARGET=windows npm run electron:start",
      "windows:build": "cross-env TARGET=windows npm run electron:build",
      "mac": "cross-env TARGET=mac npm run electron:start",
      "mac:build": "cross-env TARGET=mac npm run electron:build",
      "linux": "cross-env TARGET=linux npm run electron:start",
      "linux:build": "cross-env TARGET=linux npm run electron:build",
      "test": "jest",
      "lint": "eslint . --ext .js,.jsx,.ts,.tsx",
      "icons:android": "react-native set-icon --path ./build/icon.png",
      "icons:ios": "react-native set-icon --path ./build/icon.png",
      "package:mac": "npm run mac:build && electron-builder --publish=always",
      "release": "electron-builder --mac --windows --linux --publish always --config ./electron-builder.js "
    },
    "publish": [
      {
        "provider": "github",
        "owner": "AgoraIO-Community",
        "repo": "app-builder-core"
      }
    ],
    "repository": {
      "type": "git",
      "url": "https://github.com/AgoraIO-Community/app-builder-core"
    },
    "dependencies": {
      "@apollo/client": "3.3.20",
      "@react-native-community/async-storage": "1.12.1",
      "@react-native-community/checkbox": "0.4.2",
      "@react-native-community/clipboard": "1.5.1",
      "@sentry/react": "6.5.1",
      "@sentry/react-native": "2.4.3",
      "@sentry/tracing": "6.2.1",
      "agora-react-native-rtm": "1.5.0",
      "agora-rtc-sdk-ng": "4.12.0",
      "agora-rtm-sdk": "1.4.4",
      "electron-log": "4.3.5",
      "electron-squirrel-startup": "1.0.0",
      "electron-updater": "4.3.9",
      "exponential-backoff": "3.1.0",
      "graphql": "15.5.0",
      "nosleep.js": "0.12.0",
      "react": "16.13.1",
      "react-dom": "16.13.1",
      "react-native": "0.63.3",
      "react-native-agora": "3.4.2",
      "react-native-hyperlink": "0.0.19",
      "react-native-inappbrowser-reborn": "3.5.1",
      "react-native-keep-awake": "4.0.0",
      "react-native-keyboard-manager": "6.5.4-1",
      "react-native-responsive-fontsize": "0.5.1",
      "react-native-web": "0.14.13",
      "react-router-dom": "5.2.0",
      "react-router-native": "5.2.0"
    },
    "devDependencies": {
      "@babel/core": "7.14.3",
      "@babel/plugin-proposal-class-properties": "7.14.5",
      "@babel/plugin-proposal-optional-chaining": "7.16.0",
      "@babel/preset-env": "7.14.4",
      "@babel/preset-react": "7.13.13",
      "@babel/preset-typescript": "7.13.0",
      "@babel/runtime": "7.14.0",
      "@bam.tech/react-native-make": "3.0.3",
      "@pmmmwh/react-refresh-webpack-plugin": "0.3.3",
      "@react-native-community/eslint-config": "1.1.0",
      "@types/jest": "25.2.3",
      "@types/react-native": "0.67.6",
      "@types/react-native-keep-awake": "2.0.2",
      "@types/react-router-dom": "5.1.7",
      "@types/react-router-native": "5.1.0",
      "@types/react-test-renderer": "16.9.5",
      "@types/webpack-dev-server": "3.11.4",
      "@typescript-eslint/eslint-plugin": "2.34.0",
      "@typescript-eslint/parser": "2.34.0",
      "babel-jest": "25.5.1",
      "babel-loader": "8.2.2",
      "babel-plugin-transform-define": "2.0.0",
      "cross-env": "7.0.3",
      "del": "5.1.0",
      "electron": "16.0.1",
      "electron-builder": "22.10.5",
      "electron-notarize": "1.0.0",
      "eslint": "6.8.0",
      "file-loader": "6.2.0",
      "gulp": "4.0.2",
      "html-webpack-plugin": "4.5.2",
      "jest": "25.5.4",
      "metro-react-native-babel-preset": "0.59.0",
      "prettier": "2.3.1",
      "react-devtools-electron": "4.7.0",
      "react-refresh": "0.8.3",
      "react-test-renderer": "16.13.1",
      "typescript": "3.9.9",
      "webpack": "4.46.0",
      "webpack-cli": "3.3.12",
      "webpack-dev-server": "3.11.2",
      "webpack-merge": "5.8.0",
      "yargs": "15.4.1"
    },
    "jest": {
      "preset": "react-native",
      "moduleFileExtensions": [
        "ts",
        "tsx",
        "js",
        "jsx",
        "json",
        "node"
      ]
    }
  }

yarn manifest: 
  No manifest

Lockfile: 
  No lockfile
